The target system is: Emscripten - 1 - x86
The host system is: Darwin - 20.3.0 - x86_64
The target system is: Emscripten - 1 - x86
The host system is: Darwin - 20.3.0 - x86_64
Performing C++ SOURCE FILE Test HAVE_STDATOMIC succeeded with the following output:
Change Dir: /Users/chriskreienkamp/code/qtprojects/build-Myst-WebAssembly_Qt_6_7_0_single_threaded-Debug/CMakeFiles/CMakeScratch/TryCompile-6xea2z

Run Build Command(s):/Users/chriskreienkamp/Qt/Tools/Ninja/ninja cmTC_cdded && [1/2] Building CXX object CMakeFiles/cmTC_cdded.dir/src.cxx.o
[2/2] Linking CXX executable cmTC_cdded.js


Source file was:
#include <atomic>
#include <cstdint>

int main(int, char **)
{
    volatile std::atomic<char>    size_1;
    volatile std::atomic<short>   size_2;
    volatile std::atomic<int>     size_4;
    volatile std::atomic<int64_t> size_8;

    ++size_1;
    ++size_2;
    ++size_4;
    ++size_8;

    (void)size_1.load(std::memory_order_relaxed);
    (void)size_2.load(std::memory_order_relaxed);
    (void)size_4.load(std::memory_order_relaxed);
    (void)size_8.load(std::memory_order_relaxed);

    return 0;
}

Performing C++ SOURCE FILE Test HAVE_GETTIME succeeded with the following output:
Change Dir: /Users/chriskreienkamp/code/qtprojects/build-Myst-WebAssembly_Qt_6_7_0_single_threaded-Debug/CMakeFiles/CMakeScratch/TryCompile-x9LS68

Run Build Command(s):/Users/chriskreienkamp/Qt/Tools/Ninja/ninja cmTC_9a57f && [1/2] Building CXX object CMakeFiles/cmTC_9a57f.dir/src.cxx.o
[2/2] Linking CXX executable cmTC_9a57f.js


Source file was:

#include <time.h>
#include <unistd.h>

int main(int, char **) {
    struct timespec ts;
    clock_gettime(CLOCK_REALTIME, &ts);
    return 0;
}


Performing C++ SOURCE FILE Test HAVE_SHM_OPEN_SHM_UNLINK succeeded with the following output:
Change Dir: /Users/chriskreienkamp/code/qtprojects/build-Myst-WebAssembly_Qt_6_7_0_single_threaded-Debug/CMakeFiles/CMakeScratch/TryCompile-3v8JGm

Run Build Command(s):/Users/chriskreienkamp/Qt/Tools/Ninja/ninja cmTC_95ab7 && [1/2] Building CXX object CMakeFiles/cmTC_95ab7.dir/src.cxx.o
[2/2] Linking CXX executable cmTC_95ab7.js


Source file was:

#include <sys/types.h>
#include <sys/mman.h>
#include <fcntl.h>

int main(int, char **) {
    shm_open("test", O_RDWR | O_CREAT | O_EXCL, 0666);
    shm_unlink("test");
    return 0;
}


Performing C++ SOURCE FILE Test HAVE_EGL succeeded with the following output:
Change Dir: /Users/chriskreienkamp/code/qtprojects/build-Myst-WebAssembly_Qt_6_7_0_single_threaded-Debug/CMakeFiles/CMakeScratch/TryCompile-HTDVy9

Run Build Command(s):/Users/chriskreienkamp/Qt/Tools/Ninja/ninja cmTC_d5025 && [1/2] Building CXX object CMakeFiles/cmTC_d5025.dir/src.cxx.o
[2/2] Linking CXX executable cmTC_d5025.js


Source file was:

#include <EGL/egl.h>

int main(int, char **) {
    [[maybe_unused]] EGLint x = 0;
    EGLDisplay dpy = 0; EGLContext ctx = 0;
    eglDestroyContext(dpy, ctx);
}

